2025-05-04 00:09:27,470 WARN c.z.h.p.HikariPool$HouseKeeper [HikariPool-1 housekeeper] HikariPool-1 - Thread starvation or clock leap detected (housekeeper delta=31m37s577ms).
2025-05-04 00:28:45,179 WARN c.z.h.p.HikariPool$HouseKeeper [HikariPool-1 housekeeper] HikariPool-1 - Thread starvation or clock leap detected (housekeeper delta=17m47s622ms).
2025-05-04 00:48:33,190 WARN c.z.h.p.HikariPool$HouseKeeper [HikariPool-1 housekeeper] HikariPool-1 - Thread starvation or clock leap detected (housekeeper delta=19m48s11ms).
2025-05-04 00:52:35,172 WARN c.z.h.p.HikariPool$HouseKeeper [HikariPool-1 housekeeper] HikariPool-1 - Thread starvation or clock leap detected (housekeeper delta=3m31s971ms).
2025-05-04 01:00:33,640 WARN c.z.h.p.HikariPool$HouseKeeper [HikariPool-1 housekeeper] HikariPool-1 - Thread starvation or clock leap detected (housekeeper delta=7m58s469ms).
2025-05-04 01:27:08,610 WARN c.z.h.p.HikariPool$HouseKeeper [HikariPool-1 housekeeper] HikariPool-1 - Thread starvation or clock leap detected (housekeeper delta=26m4s960ms).
2025-05-04 01:34:32,208 WARN c.z.h.p.HikariPool$HouseKeeper [HikariPool-1 housekeeper] HikariPool-1 - Thread starvation or clock leap detected (housekeeper delta=7m23s598ms).
2025-05-04 01:52:46,182 WARN c.z.h.p.HikariPool$HouseKeeper [HikariPool-1 housekeeper] HikariPool-1 - Thread starvation or clock leap detected (housekeeper delta=18m13s970ms).
2025-05-04 02:55:58,015 WARN c.z.h.p.HikariPool$HouseKeeper [HikariPool-1 housekeeper] HikariPool-1 - Thread starvation or clock leap detected (housekeeper delta=1h3m11s836ms).
2025-05-04 04:20:00,029 WARN c.z.h.p.HikariPool$HouseKeeper [HikariPool-1 housekeeper] HikariPool-1 - Thread starvation or clock leap detected (housekeeper delta=1h24m2s15ms).
2025-05-04 05:13:19,707 WARN c.z.h.p.HikariPool$HouseKeeper [HikariPool-1 housekeeper] HikariPool-1 - Thread starvation or clock leap detected (housekeeper delta=53m19s678ms).
2025-05-04 05:39:01,138 WARN c.z.h.p.HikariPool$HouseKeeper [HikariPool-1 housekeeper] HikariPool-1 - Thread starvation or clock leap detected (housekeeper delta=25m11s428ms).
2025-05-04 05:54:53,520 WARN c.z.h.p.HikariPool$HouseKeeper [HikariPool-1 housekeeper] HikariPool-1 - Thread starvation or clock leap detected (housekeeper delta=15m52s382ms).
2025-05-04 07:10:57,556 WARN c.z.h.p.HikariPool$HouseKeeper [HikariPool-1 housekeeper] HikariPool-1 - Thread starvation or clock leap detected (housekeeper delta=1h16m4s36ms).
2025-05-04 07:14:25,456 WARN c.z.h.p.HikariPool$HouseKeeper [HikariPool-1 housekeeper] HikariPool-1 - Thread starvation or clock leap detected (housekeeper delta=2m57s906ms).
2025-05-04 07:36:54,181 WARN c.z.h.p.HikariPool$HouseKeeper [HikariPool-1 housekeeper] HikariPool-1 - Thread starvation or clock leap detected (housekeeper delta=22m28s725ms).
2025-05-04 07:54:03,926 WARN c.z.h.p.HikariPool$HouseKeeper [HikariPool-1 housekeeper] HikariPool-1 - Thread starvation or clock leap detected (housekeeper delta=17m9s745ms).
2025-05-04 07:58:52,751 WARN c.z.h.p.HikariPool$HouseKeeper [HikariPool-1 housekeeper] HikariPool-1 - Thread starvation or clock leap detected (housekeeper delta=4m48s825ms).
2025-05-04 08:00:30,665 WARN c.z.h.p.HikariPool$HouseKeeper [HikariPool-1 housekeeper] HikariPool-1 - Thread starvation or clock leap detected (housekeeper delta=1m2s825ms).
2025-05-04 08:03:41,149 WARN c.z.h.p.HikariPool$HouseKeeper [HikariPool-1 housekeeper] HikariPool-1 - Thread starvation or clock leap detected (housekeeper delta=3m10s484ms).
2025-05-04 08:11:26,510 WARN c.z.h.p.HikariPool$HouseKeeper [HikariPool-1 housekeeper] HikariPool-1 - Thread starvation or clock leap detected (housekeeper delta=7m15s357ms).
2025-05-04 08:32:47,951 DEBUG o.s.s.w.FilterChainProxy [http-nio-8081-exec-4] Securing GET /swagger-ui/index.html
2025-05-04 08:32:47,969 DEBUG o.s.s.w.a.AnonymousAuthenticationFilter [http-nio-8081-exec-4] Set SecurityContextHolder to anonymous SecurityContext
2025-05-04 08:32:47,974 DEBUG o.s.s.w.FilterChainProxy [http-nio-8081-exec-4] Secured GET /swagger-ui/index.html
2025-05-04 08:32:47,980 DEBUG o.s.c.l.LogFormatUtils [http-nio-8081-exec-4] GET "/swagger-ui/index.html", parameters={}
2025-05-04 08:32:47,994 DEBUG o.s.w.s.h.AbstractHandlerMapping [http-nio-8081-exec-4] Mapped to ResourceHttpRequestHandler [classpath [META-INF/resources/webjars/]]
2025-05-04 08:32:47,999 DEBUG o.s.o.j.s.OpenEntityManagerInViewInterceptor [http-nio-8081-exec-4] Opening JPA EntityManager in OpenEntityManagerInViewInterceptor
2025-05-04 08:32:48,106 DEBUG o.s.o.j.s.OpenEntityManagerInViewInterceptor [http-nio-8081-exec-4] Closing JPA EntityManager in OpenEntityManagerInViewInterceptor
2025-05-04 08:32:48,125 DEBUG o.s.w.s.FrameworkServlet [http-nio-8081-exec-4] Completed 200 OK
2025-05-04 08:32:48,153 DEBUG o.s.s.w.FilterChainProxy [http-nio-8081-exec-9] Securing GET /swagger-ui/swagger-ui-standalone-preset.js
2025-05-04 08:32:48,157 DEBUG o.s.s.w.FilterChainProxy [http-nio-8081-exec-7] Securing GET /swagger-ui/swagger-ui-bundle.js
2025-05-04 08:32:48,167 DEBUG o.s.s.w.a.AnonymousAuthenticationFilter [http-nio-8081-exec-9] Set SecurityContextHolder to anonymous SecurityContext
2025-05-04 08:32:48,168 DEBUG o.s.s.w.FilterChainProxy [http-nio-8081-exec-9] Secured GET /swagger-ui/swagger-ui-standalone-preset.js
2025-05-04 08:32:48,168 DEBUG o.s.s.w.a.AnonymousAuthenticationFilter [http-nio-8081-exec-7] Set SecurityContextHolder to anonymous SecurityContext
2025-05-04 08:32:48,168 DEBUG o.s.c.l.LogFormatUtils [http-nio-8081-exec-9] GET "/swagger-ui/swagger-ui-standalone-preset.js", parameters={}
2025-05-04 08:32:48,170 DEBUG o.s.s.w.FilterChainProxy [http-nio-8081-exec-7] Secured GET /swagger-ui/swagger-ui-bundle.js
2025-05-04 08:32:48,172 DEBUG o.s.c.l.LogFormatUtils [http-nio-8081-exec-7] GET "/swagger-ui/swagger-ui-bundle.js", parameters={}
2025-05-04 08:32:48,176 DEBUG o.s.s.w.FilterChainProxy [http-nio-8081-exec-1] Securing GET /swagger-ui/swagger-initializer.js
2025-05-04 08:32:48,197 DEBUG o.s.s.w.a.AnonymousAuthenticationFilter [http-nio-8081-exec-1] Set SecurityContextHolder to anonymous SecurityContext
2025-05-04 08:32:48,201 DEBUG o.s.w.s.h.AbstractHandlerMapping [http-nio-8081-exec-7] Mapped to ResourceHttpRequestHandler [classpath [META-INF/resources/webjars/]]
2025-05-04 08:32:48,203 DEBUG o.s.s.w.FilterChainProxy [http-nio-8081-exec-4] Securing GET /swagger-ui/swagger-ui.css
2025-05-04 08:32:48,204 DEBUG o.s.s.w.a.AnonymousAuthenticationFilter [http-nio-8081-exec-4] Set SecurityContextHolder to anonymous SecurityContext
2025-05-04 08:32:48,201 DEBUG o.s.s.w.FilterChainProxy [http-nio-8081-exec-1] Secured GET /swagger-ui/swagger-initializer.js
2025-05-04 08:32:48,204 DEBUG o.s.w.s.h.AbstractHandlerMapping [http-nio-8081-exec-9] Mapped to ResourceHttpRequestHandler [classpath [META-INF/resources/webjars/]]
2025-05-04 08:32:48,204 DEBUG o.s.s.w.FilterChainProxy [http-nio-8081-exec-4] Secured GET /swagger-ui/swagger-ui.css
2025-05-04 08:32:48,203 DEBUG o.s.o.j.s.OpenEntityManagerInViewInterceptor [http-nio-8081-exec-7] Opening JPA EntityManager in OpenEntityManagerInViewInterceptor
2025-05-04 08:32:48,206 DEBUG o.s.c.l.LogFormatUtils [http-nio-8081-exec-4] GET "/swagger-ui/swagger-ui.css", parameters={}
2025-05-04 08:32:48,206 DEBUG o.s.o.j.s.OpenEntityManagerInViewInterceptor [http-nio-8081-exec-9] Opening JPA EntityManager in OpenEntityManagerInViewInterceptor
2025-05-04 08:32:48,206 DEBUG o.s.c.l.LogFormatUtils [http-nio-8081-exec-1] GET "/swagger-ui/swagger-initializer.js", parameters={}
2025-05-04 08:32:48,210 DEBUG o.s.s.w.FilterChainProxy [http-nio-8081-exec-6] Securing GET /swagger-ui/index.css
2025-05-04 08:32:48,214 DEBUG o.s.s.w.a.AnonymousAuthenticationFilter [http-nio-8081-exec-6] Set SecurityContextHolder to anonymous SecurityContext
2025-05-04 08:32:48,222 DEBUG o.s.w.s.h.AbstractHandlerMapping [http-nio-8081-exec-4] Mapped to ResourceHttpRequestHandler [classpath [META-INF/resources/webjars/]]
2025-05-04 08:32:48,223 DEBUG o.s.o.j.s.OpenEntityManagerInViewInterceptor [http-nio-8081-exec-4] Opening JPA EntityManager in OpenEntityManagerInViewInterceptor
2025-05-04 08:32:48,223 DEBUG o.s.s.w.FilterChainProxy [http-nio-8081-exec-6] Secured GET /swagger-ui/index.css
2025-05-04 08:32:48,227 DEBUG o.s.c.l.LogFormatUtils [http-nio-8081-exec-6] GET "/swagger-ui/index.css", parameters={}
2025-05-04 08:32:48,230 DEBUG o.s.w.s.h.AbstractHandlerMapping [http-nio-8081-exec-6] Mapped to ResourceHttpRequestHandler [classpath [META-INF/resources/webjars/]]
2025-05-04 08:32:48,236 DEBUG o.s.o.j.s.OpenEntityManagerInViewInterceptor [http-nio-8081-exec-6] Opening JPA EntityManager in OpenEntityManagerInViewInterceptor
2025-05-04 08:32:48,237 DEBUG o.s.w.s.h.AbstractHandlerMapping [http-nio-8081-exec-1] Mapped to ResourceHttpRequestHandler [classpath [META-INF/resources/webjars/]]
2025-05-04 08:32:48,239 DEBUG o.s.o.j.s.OpenEntityManagerInViewInterceptor [http-nio-8081-exec-1] Opening JPA EntityManager in OpenEntityManagerInViewInterceptor
2025-05-04 08:32:48,261 DEBUG o.s.o.j.s.OpenEntityManagerInViewInterceptor [http-nio-8081-exec-9] Closing JPA EntityManager in OpenEntityManagerInViewInterceptor
2025-05-04 08:32:48,265 DEBUG o.s.w.s.FrameworkServlet [http-nio-8081-exec-9] Completed 200 OK
2025-05-04 08:32:48,274 DEBUG o.s.o.j.s.OpenEntityManagerInViewInterceptor [http-nio-8081-exec-6] Closing JPA EntityManager in OpenEntityManagerInViewInterceptor
2025-05-04 08:32:48,277 DEBUG o.s.w.s.FrameworkServlet [http-nio-8081-exec-6] Completed 200 OK
2025-05-04 08:32:48,285 DEBUG o.s.o.j.s.OpenEntityManagerInViewInterceptor [http-nio-8081-exec-4] Closing JPA EntityManager in OpenEntityManagerInViewInterceptor
2025-05-04 08:32:48,287 DEBUG o.s.w.s.FrameworkServlet [http-nio-8081-exec-4] Completed 200 OK
2025-05-04 08:32:48,314 DEBUG o.s.o.j.s.OpenEntityManagerInViewInterceptor [http-nio-8081-exec-7] Closing JPA EntityManager in OpenEntityManagerInViewInterceptor
2025-05-04 08:32:48,316 DEBUG o.s.o.j.s.OpenEntityManagerInViewInterceptor [http-nio-8081-exec-1] Closing JPA EntityManager in OpenEntityManagerInViewInterceptor
2025-05-04 08:32:48,318 DEBUG o.s.w.s.FrameworkServlet [http-nio-8081-exec-7] Completed 200 OK
2025-05-04 08:32:48,318 DEBUG o.s.w.s.FrameworkServlet [http-nio-8081-exec-1] Completed 200 OK
2025-05-04 08:32:48,388 DEBUG o.s.s.w.FilterChainProxy [http-nio-8081-exec-2] Securing GET /v3/api-docs/swagger-config
2025-05-04 08:32:48,391 DEBUG o.s.s.w.a.AnonymousAuthenticationFilter [http-nio-8081-exec-2] Set SecurityContextHolder to anonymous SecurityContext
2025-05-04 08:32:48,393 DEBUG o.s.s.w.FilterChainProxy [http-nio-8081-exec-2] Secured GET /v3/api-docs/swagger-config
2025-05-04 08:32:48,393 DEBUG o.s.c.l.LogFormatUtils [http-nio-8081-exec-2] GET "/v3/api-docs/swagger-config", parameters={}
2025-05-04 08:32:48,394 DEBUG o.s.w.s.h.AbstractHandlerMapping [http-nio-8081-exec-2] Mapped to org.springdoc.webmvc.ui.SwaggerConfigResource#openapiJson(HttpServletRequest)
2025-05-04 08:32:48,395 DEBUG o.s.o.j.s.OpenEntityManagerInViewInterceptor [http-nio-8081-exec-2] Opening JPA EntityManager in OpenEntityManagerInViewInterceptor
2025-05-04 08:32:48,419 DEBUG o.s.w.s.m.m.a.AbstractMessageConverterMethodProcessor [http-nio-8081-exec-2] Using 'application/json', given [*/*] and supported [application/json]
2025-05-04 08:32:48,423 DEBUG o.s.c.l.LogFormatUtils [http-nio-8081-exec-2] Writing [{configUrl=/v3/api-docs/swagger-config, oauth2RedirectUrl=http://localhost:8081/swagger-ui/oauth2-re (truncated)...]
2025-05-04 08:32:48,436 DEBUG o.s.o.j.s.OpenEntityManagerInViewInterceptor [http-nio-8081-exec-2] Closing JPA EntityManager in OpenEntityManagerInViewInterceptor
2025-05-04 08:32:48,437 DEBUG o.s.w.s.FrameworkServlet [http-nio-8081-exec-2] Completed 200 OK
2025-05-04 08:32:48,449 DEBUG o.s.s.w.FilterChainProxy [http-nio-8081-exec-10] Securing GET /v3/api-docs
2025-05-04 08:32:48,450 DEBUG o.s.s.w.a.AnonymousAuthenticationFilter [http-nio-8081-exec-10] Set SecurityContextHolder to anonymous SecurityContext
2025-05-04 08:32:48,451 DEBUG o.s.s.w.FilterChainProxy [http-nio-8081-exec-10] Secured GET /v3/api-docs
2025-05-04 08:32:48,451 DEBUG o.s.c.l.LogFormatUtils [http-nio-8081-exec-10] GET "/v3/api-docs", parameters={}
2025-05-04 08:32:48,452 DEBUG o.s.w.s.h.AbstractHandlerMapping [http-nio-8081-exec-10] Mapped to org.springdoc.webmvc.api.OpenApiWebMvcResource#openapiJson(HttpServletRequest, String, Locale)
2025-05-04 08:32:48,453 DEBUG o.s.o.j.s.OpenEntityManagerInViewInterceptor [http-nio-8081-exec-10] Opening JPA EntityManager in OpenEntityManagerInViewInterceptor
2025-05-04 08:32:48,616 DEBUG o.s.w.s.m.m.a.AbstractMessageConverterMethodProcessor [http-nio-8081-exec-10] Using 'application/json', given [application/json, */*] and supported [application/json]
2025-05-04 08:32:48,628 DEBUG o.s.c.l.LogFormatUtils [http-nio-8081-exec-10] Writing [{123, 34, 111, 112, 101, 110, 97, 112, 105, 34, 58, 34, 51, 46, 49, 46, 48, 34, 44, 34, 105, 110, 10 (truncated)...]
2025-05-04 08:32:48,635 DEBUG o.s.o.j.s.OpenEntityManagerInViewInterceptor [http-nio-8081-exec-10] Closing JPA EntityManager in OpenEntityManagerInViewInterceptor
2025-05-04 08:32:48,635 DEBUG o.s.w.s.FrameworkServlet [http-nio-8081-exec-10] Completed 200 OK
2025-05-04 15:27:02,454 DEBUG o.s.s.w.FilterChainProxy [http-nio-8081-exec-4] Securing GET /swagger-ui/index.html
2025-05-04 15:27:02,473 DEBUG o.s.s.w.a.AnonymousAuthenticationFilter [http-nio-8081-exec-4] Set SecurityContextHolder to anonymous SecurityContext
2025-05-04 15:27:02,480 DEBUG o.s.s.w.FilterChainProxy [http-nio-8081-exec-4] Secured GET /swagger-ui/index.html
2025-05-04 15:27:02,482 DEBUG o.s.c.l.LogFormatUtils [http-nio-8081-exec-4] GET "/swagger-ui/index.html", parameters={}
2025-05-04 15:27:02,491 DEBUG o.s.w.s.h.AbstractHandlerMapping [http-nio-8081-exec-4] Mapped to ResourceHttpRequestHandler [classpath [META-INF/resources/webjars/]]
2025-05-04 15:27:02,495 DEBUG o.s.o.j.s.OpenEntityManagerInViewInterceptor [http-nio-8081-exec-4] Opening JPA EntityManager in OpenEntityManagerInViewInterceptor
2025-05-04 15:27:02,543 DEBUG o.s.o.j.s.OpenEntityManagerInViewInterceptor [http-nio-8081-exec-4] Closing JPA EntityManager in OpenEntityManagerInViewInterceptor
2025-05-04 15:27:02,557 DEBUG o.s.w.s.FrameworkServlet [http-nio-8081-exec-4] Completed 200 OK
2025-05-04 15:27:02,590 DEBUG o.s.s.w.FilterChainProxy [http-nio-8081-exec-2] Securing GET /swagger-ui/swagger-ui-standalone-preset.js
2025-05-04 15:27:02,590 DEBUG o.s.s.w.a.AnonymousAuthenticationFilter [http-nio-8081-exec-2] Set SecurityContextHolder to anonymous SecurityContext
2025-05-04 15:27:02,590 DEBUG o.s.s.w.FilterChainProxy [http-nio-8081-exec-1] Securing GET /swagger-ui/swagger-ui.css
2025-05-04 15:27:02,591 DEBUG o.s.s.w.FilterChainProxy [http-nio-8081-exec-7] Securing GET /swagger-ui/index.css
2025-05-04 15:27:02,592 DEBUG o.s.s.w.a.AnonymousAuthenticationFilter [http-nio-8081-exec-1] Set SecurityContextHolder to anonymous SecurityContext
2025-05-04 15:27:02,591 DEBUG o.s.s.w.FilterChainProxy [http-nio-8081-exec-2] Secured GET /swagger-ui/swagger-ui-standalone-preset.js
2025-05-04 15:27:02,592 DEBUG o.s.s.w.FilterChainProxy [http-nio-8081-exec-1] Secured GET /swagger-ui/swagger-ui.css
2025-05-04 15:27:02,592 DEBUG o.s.s.w.a.AnonymousAuthenticationFilter [http-nio-8081-exec-7] Set SecurityContextHolder to anonymous SecurityContext
2025-05-04 15:27:02,594 DEBUG o.s.c.l.LogFormatUtils [http-nio-8081-exec-1] GET "/swagger-ui/swagger-ui.css", parameters={}
2025-05-04 15:27:02,594 DEBUG o.s.c.l.LogFormatUtils [http-nio-8081-exec-2] GET "/swagger-ui/swagger-ui-standalone-preset.js", parameters={}
2025-05-04 15:27:02,594 DEBUG o.s.s.w.FilterChainProxy [http-nio-8081-exec-7] Secured GET /swagger-ui/index.css
2025-05-04 15:27:02,605 DEBUG o.s.c.l.LogFormatUtils [http-nio-8081-exec-7] GET "/swagger-ui/index.css", parameters={}
2025-05-04 15:27:02,617 DEBUG o.s.w.s.h.AbstractHandlerMapping [http-nio-8081-exec-1] Mapped to ResourceHttpRequestHandler [classpath [META-INF/resources/webjars/]]
2025-05-04 15:27:02,618 DEBUG o.s.w.s.h.AbstractHandlerMapping [http-nio-8081-exec-2] Mapped to ResourceHttpRequestHandler [classpath [META-INF/resources/webjars/]]
2025-05-04 15:27:02,620 DEBUG o.s.o.j.s.OpenEntityManagerInViewInterceptor [http-nio-8081-exec-1] Opening JPA EntityManager in OpenEntityManagerInViewInterceptor
2025-05-04 15:27:02,620 DEBUG o.s.o.j.s.OpenEntityManagerInViewInterceptor [http-nio-8081-exec-2] Opening JPA EntityManager in OpenEntityManagerInViewInterceptor
2025-05-04 15:27:02,625 DEBUG o.s.s.w.FilterChainProxy [http-nio-8081-exec-9] Securing GET /swagger-ui/swagger-ui-bundle.js
2025-05-04 15:27:02,626 DEBUG o.s.w.s.h.AbstractHandlerMapping [http-nio-8081-exec-7] Mapped to ResourceHttpRequestHandler [classpath [META-INF/resources/webjars/]]
2025-05-04 15:27:02,626 DEBUG o.s.s.w.a.AnonymousAuthenticationFilter [http-nio-8081-exec-9] Set SecurityContextHolder to anonymous SecurityContext
2025-05-04 15:27:02,626 DEBUG o.s.o.j.s.OpenEntityManagerInViewInterceptor [http-nio-8081-exec-7] Opening JPA EntityManager in OpenEntityManagerInViewInterceptor
2025-05-04 15:27:02,630 DEBUG o.s.s.w.FilterChainProxy [http-nio-8081-exec-9] Secured GET /swagger-ui/swagger-ui-bundle.js
2025-05-04 15:27:02,631 DEBUG o.s.c.l.LogFormatUtils [http-nio-8081-exec-9] GET "/swagger-ui/swagger-ui-bundle.js", parameters={}
2025-05-04 15:27:02,632 DEBUG o.s.s.w.FilterChainProxy [http-nio-8081-exec-10] Securing GET /swagger-ui/swagger-initializer.js
2025-05-04 15:27:02,633 DEBUG o.s.w.s.h.AbstractHandlerMapping [http-nio-8081-exec-9] Mapped to ResourceHttpRequestHandler [classpath [META-INF/resources/webjars/]]
2025-05-04 15:27:02,633 DEBUG o.s.s.w.a.AnonymousAuthenticationFilter [http-nio-8081-exec-10] Set SecurityContextHolder to anonymous SecurityContext
2025-05-04 15:27:02,634 DEBUG o.s.s.w.FilterChainProxy [http-nio-8081-exec-10] Secured GET /swagger-ui/swagger-initializer.js
2025-05-04 15:27:02,635 DEBUG o.s.o.j.s.OpenEntityManagerInViewInterceptor [http-nio-8081-exec-9] Opening JPA EntityManager in OpenEntityManagerInViewInterceptor
2025-05-04 15:27:02,636 DEBUG o.s.c.l.LogFormatUtils [http-nio-8081-exec-10] GET "/swagger-ui/swagger-initializer.js", parameters={}
2025-05-04 15:27:02,640 DEBUG o.s.o.j.s.OpenEntityManagerInViewInterceptor [http-nio-8081-exec-7] Closing JPA EntityManager in OpenEntityManagerInViewInterceptor
2025-05-04 15:27:02,642 DEBUG o.s.w.s.FrameworkServlet [http-nio-8081-exec-7] Completed 200 OK
2025-05-04 15:27:02,678 DEBUG o.s.o.j.s.OpenEntityManagerInViewInterceptor [http-nio-8081-exec-1] Closing JPA EntityManager in OpenEntityManagerInViewInterceptor
2025-05-04 15:27:02,680 DEBUG o.s.w.s.FrameworkServlet [http-nio-8081-exec-1] Completed 200 OK
2025-05-04 15:27:02,680 DEBUG o.s.o.j.s.OpenEntityManagerInViewInterceptor [http-nio-8081-exec-2] Closing JPA EntityManager in OpenEntityManagerInViewInterceptor
2025-05-04 15:27:02,683 DEBUG o.s.w.s.FrameworkServlet [http-nio-8081-exec-2] Completed 200 OK
2025-05-04 15:27:02,686 DEBUG o.s.w.s.h.AbstractHandlerMapping [http-nio-8081-exec-10] Mapped to ResourceHttpRequestHandler [classpath [META-INF/resources/webjars/]]
2025-05-04 15:27:02,699 DEBUG o.s.o.j.s.OpenEntityManagerInViewInterceptor [http-nio-8081-exec-9] Closing JPA EntityManager in OpenEntityManagerInViewInterceptor
2025-05-04 15:27:02,700 DEBUG o.s.w.s.FrameworkServlet [http-nio-8081-exec-9] Completed 200 OK
2025-05-04 15:27:02,701 DEBUG o.s.o.j.s.OpenEntityManagerInViewInterceptor [http-nio-8081-exec-10] Opening JPA EntityManager in OpenEntityManagerInViewInterceptor
2025-05-04 15:27:02,736 DEBUG o.s.o.j.s.OpenEntityManagerInViewInterceptor [http-nio-8081-exec-10] Closing JPA EntityManager in OpenEntityManagerInViewInterceptor
2025-05-04 15:27:02,737 DEBUG o.s.w.s.FrameworkServlet [http-nio-8081-exec-10] Completed 200 OK
2025-05-04 15:27:02,847 DEBUG o.s.s.w.FilterChainProxy [http-nio-8081-exec-6] Securing GET /swagger-ui/favicon-32x32.png
2025-05-04 15:27:02,847 DEBUG o.s.s.w.FilterChainProxy [http-nio-8081-exec-5] Securing GET /v3/api-docs/swagger-config
2025-05-04 15:27:02,847 DEBUG o.s.s.w.a.AnonymousAuthenticationFilter [http-nio-8081-exec-6] Set SecurityContextHolder to anonymous SecurityContext
2025-05-04 15:27:02,847 DEBUG o.s.s.w.a.AnonymousAuthenticationFilter [http-nio-8081-exec-5] Set SecurityContextHolder to anonymous SecurityContext
2025-05-04 15:27:02,848 DEBUG o.s.s.w.FilterChainProxy [http-nio-8081-exec-5] Secured GET /v3/api-docs/swagger-config
2025-05-04 15:27:02,848 DEBUG o.s.c.l.LogFormatUtils [http-nio-8081-exec-5] GET "/v3/api-docs/swagger-config", parameters={}
2025-05-04 15:27:02,848 DEBUG o.s.s.w.FilterChainProxy [http-nio-8081-exec-6] Secured GET /swagger-ui/favicon-32x32.png
2025-05-04 15:27:02,848 DEBUG o.s.c.l.LogFormatUtils [http-nio-8081-exec-6] GET "/swagger-ui/favicon-32x32.png", parameters={}
2025-05-04 15:27:02,852 DEBUG o.s.w.s.h.AbstractHandlerMapping [http-nio-8081-exec-5] Mapped to org.springdoc.webmvc.ui.SwaggerConfigResource#openapiJson(HttpServletRequest)
2025-05-04 15:27:02,854 DEBUG o.s.o.j.s.OpenEntityManagerInViewInterceptor [http-nio-8081-exec-5] Opening JPA EntityManager in OpenEntityManagerInViewInterceptor
2025-05-04 15:27:02,856 DEBUG o.s.w.s.h.AbstractHandlerMapping [http-nio-8081-exec-6] Mapped to ResourceHttpRequestHandler [classpath [META-INF/resources/webjars/]]
2025-05-04 15:27:02,857 DEBUG o.s.o.j.s.OpenEntityManagerInViewInterceptor [http-nio-8081-exec-6] Opening JPA EntityManager in OpenEntityManagerInViewInterceptor
2025-05-04 15:27:02,866 DEBUG o.s.w.s.m.m.a.AbstractMessageConverterMethodProcessor [http-nio-8081-exec-5] Using 'application/json', given [*/*] and supported [application/json]
2025-05-04 15:27:02,871 DEBUG o.s.o.j.s.OpenEntityManagerInViewInterceptor [http-nio-8081-exec-6] Closing JPA EntityManager in OpenEntityManagerInViewInterceptor
2025-05-04 15:27:02,873 DEBUG o.s.w.s.FrameworkServlet [http-nio-8081-exec-6] Completed 200 OK
2025-05-04 15:27:02,874 DEBUG o.s.c.l.LogFormatUtils [http-nio-8081-exec-5] Writing [{configUrl=/v3/api-docs/swagger-config, oauth2RedirectUrl=http://localhost:8081/swagger-ui/oauth2-re (truncated)...]
2025-05-04 15:27:02,885 DEBUG o.s.o.j.s.OpenEntityManagerInViewInterceptor [http-nio-8081-exec-5] Closing JPA EntityManager in OpenEntityManagerInViewInterceptor
2025-05-04 15:27:02,885 DEBUG o.s.w.s.FrameworkServlet [http-nio-8081-exec-5] Completed 200 OK
2025-05-04 15:27:02,896 DEBUG o.s.s.w.FilterChainProxy [http-nio-8081-exec-3] Securing GET /v3/api-docs
2025-05-04 15:27:02,897 DEBUG o.s.s.w.a.AnonymousAuthenticationFilter [http-nio-8081-exec-3] Set SecurityContextHolder to anonymous SecurityContext
2025-05-04 15:27:02,899 DEBUG o.s.s.w.FilterChainProxy [http-nio-8081-exec-3] Secured GET /v3/api-docs
2025-05-04 15:27:02,900 DEBUG o.s.c.l.LogFormatUtils [http-nio-8081-exec-3] GET "/v3/api-docs", parameters={}
2025-05-04 15:27:02,901 DEBUG o.s.w.s.h.AbstractHandlerMapping [http-nio-8081-exec-3] Mapped to org.springdoc.webmvc.api.OpenApiWebMvcResource#openapiJson(HttpServletRequest, String, Locale)
2025-05-04 15:27:02,902 DEBUG o.s.o.j.s.OpenEntityManagerInViewInterceptor [http-nio-8081-exec-3] Opening JPA EntityManager in OpenEntityManagerInViewInterceptor
2025-05-04 15:27:02,937 DEBUG o.s.w.s.m.m.a.AbstractMessageConverterMethodProcessor [http-nio-8081-exec-3] Using 'application/json', given [application/json, */*] and supported [application/json]
2025-05-04 15:27:02,962 DEBUG o.s.c.l.LogFormatUtils [http-nio-8081-exec-3] Writing [{123, 34, 111, 112, 101, 110, 97, 112, 105, 34, 58, 34, 51, 46, 49, 46, 48, 34, 44, 34, 105, 110, 10 (truncated)...]
2025-05-04 15:27:02,964 DEBUG o.s.o.j.s.OpenEntityManagerInViewInterceptor [http-nio-8081-exec-3] Closing JPA EntityManager in OpenEntityManagerInViewInterceptor
2025-05-04 15:27:02,966 DEBUG o.s.w.s.FrameworkServlet [http-nio-8081-exec-3] Completed 200 OK
2025-05-04 15:28:35,127 DEBUG o.s.s.w.FilterChainProxy [http-nio-8081-exec-10] Securing GET /api/v1/users
2025-05-04 15:28:35,230 DEBUG o.s.s.w.a.AnonymousAuthenticationFilter [http-nio-8081-exec-10] Set SecurityContextHolder to anonymous SecurityContext
2025-05-04 15:28:35,250 DEBUG o.s.s.w.FilterChainProxy [http-nio-8081-exec-10] Securing GET /error
2025-05-04 15:28:35,250 DEBUG o.s.s.w.a.AnonymousAuthenticationFilter [http-nio-8081-exec-10] Set SecurityContextHolder to anonymous SecurityContext
2025-05-04 15:28:38,717 DEBUG o.s.s.w.FilterChainProxy [http-nio-8081-exec-6] Securing POST /api/v1/auth/login
2025-05-04 15:28:38,719 DEBUG o.s.s.w.a.AnonymousAuthenticationFilter [http-nio-8081-exec-6] Set SecurityContextHolder to anonymous SecurityContext
2025-05-04 15:28:38,719 DEBUG o.s.s.w.FilterChainProxy [http-nio-8081-exec-6] Secured POST /api/v1/auth/login
2025-05-04 15:28:38,721 DEBUG o.s.c.l.LogFormatUtils [http-nio-8081-exec-6] POST "/api/v1/auth/login", parameters={}
2025-05-04 15:28:38,726 DEBUG o.s.w.s.h.AbstractHandlerMapping [http-nio-8081-exec-6] Mapped to dev.tomle.ims.controller.security.JwtController#createToken(JwtRequestDTO)
2025-05-04 15:28:38,727 DEBUG o.s.o.j.s.OpenEntityManagerInViewInterceptor [http-nio-8081-exec-6] Opening JPA EntityManager in OpenEntityManagerInViewInterceptor
2025-05-04 15:28:38,749 DEBUG o.s.c.l.LogFormatUtils [http-nio-8081-exec-6] Read "application/json;charset=UTF-8" to [dev.tomle.ims.model.security.dto.JwtRequestDTO@709ebd0a]
2025-05-04 15:28:38,904 DEBUG o.h.e.j.s.SqlStatementLogger [http-nio-8081-exec-6] select u1_0.id,u1_0.created_by,u1_0.created_date,u1_0.email,u1_0.enabled,u1_0.first_name,u1_0.last_modified_by,u1_0.last_modified_date,u1_0.last_name,u1_0.password,r1_0.user_id,r1_1.id,r1_1.created_by,r1_1.created_date,r1_1.last_modified_by,r1_1.last_modified_date,r1_1.name,u1_0.token_expired,u1_0.username from users u1_0 left join userrole r1_0 on u1_0.id=r1_0.user_id left join role r1_1 on r1_1.id=r1_0.role_id where lower(u1_0.username)=lower(?)
2025-05-04 15:28:38,968 DEBUG o.h.e.j.s.SqlStatementLogger [http-nio-8081-exec-6] select r1_0.id,r1_0.created_by,r1_0.created_date,r1_0.last_modified_by,r1_0.last_modified_date,r1_0.name,p1_0.role_id,p1_1.id,p1_1.created_by,p1_1.created_date,p1_1.last_modified_by,p1_1.last_modified_date,p1_1.name from role r1_0 left join roleprivilege p1_0 on r1_0.id=p1_0.role_id left join privilege p1_1 on p1_1.id=p1_0.privilege_id where lower(r1_0.name)=lower(?)
2025-05-04 15:28:39,102 DEBUG o.s.s.a.d.AbstractUserDetailsAuthenticationProvider [http-nio-8081-exec-6] Authenticated user
2025-05-04 15:28:39,112 DEBUG o.h.e.j.s.SqlStatementLogger [http-nio-8081-exec-6] select u1_0.id,u1_0.created_by,u1_0.created_date,u1_0.email,u1_0.enabled,u1_0.first_name,u1_0.last_modified_by,u1_0.last_modified_date,u1_0.last_name,u1_0.password,r1_0.user_id,r1_1.id,r1_1.created_by,r1_1.created_date,r1_1.last_modified_by,r1_1.last_modified_date,r1_1.name,u1_0.token_expired,u1_0.username from users u1_0 left join userrole r1_0 on u1_0.id=r1_0.user_id left join role r1_1 on r1_1.id=r1_0.role_id where lower(u1_0.username)=lower(?)
2025-05-04 15:28:39,122 DEBUG o.s.w.s.m.m.a.AbstractMessageConverterMethodProcessor [http-nio-8081-exec-6] Using 'application/json', given [*/*] and supported [application/json, application/*+json, application/yaml]
2025-05-04 15:28:39,123 DEBUG o.s.c.l.LogFormatUtils [http-nio-8081-exec-6] Writing [dev.tomle.ims.model.security.dto.JwtResponseDTO@5beac3e1]
2025-05-04 15:28:39,128 DEBUG o.s.o.j.s.OpenEntityManagerInViewInterceptor [http-nio-8081-exec-6] Closing JPA EntityManager in OpenEntityManagerInViewInterceptor
2025-05-04 15:28:39,131 DEBUG o.s.w.s.FrameworkServlet [http-nio-8081-exec-6] Completed 200 OK
2025-05-04 15:28:44,728 DEBUG o.s.s.w.FilterChainProxy [http-nio-8081-exec-5] Securing GET /api/v1/users
2025-05-04 15:28:44,735 DEBUG o.s.o.j.SharedEntityManagerCreator$SharedEntityManagerInvocationHandler [http-nio-8081-exec-5] Creating new EntityManager for shared EntityManager invocation
2025-05-04 15:28:44,743 DEBUG o.h.e.j.s.SqlStatementLogger [http-nio-8081-exec-5] select u1_0.id,u1_0.created_by,u1_0.created_date,u1_0.email,u1_0.enabled,u1_0.first_name,u1_0.last_modified_by,u1_0.last_modified_date,u1_0.last_name,u1_0.password,r1_0.user_id,r1_1.id,r1_1.created_by,r1_1.created_date,r1_1.last_modified_by,r1_1.last_modified_date,r1_1.name,u1_0.token_expired,u1_0.username from users u1_0 left join userrole r1_0 on u1_0.id=r1_0.user_id left join role r1_1 on r1_1.id=r1_0.role_id where lower(u1_0.username)=lower(?)
2025-05-04 15:28:44,752 DEBUG o.s.o.j.SharedEntityManagerCreator$SharedEntityManagerInvocationHandler [http-nio-8081-exec-5] Creating new EntityManager for shared EntityManager invocation
2025-05-04 15:28:44,755 DEBUG o.h.e.j.s.SqlStatementLogger [http-nio-8081-exec-5] select r1_0.id,r1_0.created_by,r1_0.created_date,r1_0.last_modified_by,r1_0.last_modified_date,r1_0.name,p1_0.role_id,p1_1.id,p1_1.created_by,p1_1.created_date,p1_1.last_modified_by,p1_1.last_modified_date,p1_1.name from role r1_0 left join roleprivilege p1_0 on r1_0.id=p1_0.role_id left join privilege p1_1 on p1_1.id=p1_0.privilege_id where lower(r1_0.name)=lower(?)
2025-05-04 15:28:44,763 DEBUG o.s.s.w.FilterChainProxy [http-nio-8081-exec-5] Secured GET /api/v1/users
2025-05-04 15:28:44,764 DEBUG o.s.c.l.LogFormatUtils [http-nio-8081-exec-5] GET "/api/v1/users", parameters={}
2025-05-04 15:28:44,769 DEBUG o.s.w.s.h.AbstractHandlerMapping [http-nio-8081-exec-5] Mapped to ResourceHttpRequestHandler [classpath [META-INF/resources/], classpath [resources/], classpath [static/], classpath [public/], ServletContext [/]]
2025-05-04 15:28:44,770 DEBUG o.s.o.j.s.OpenEntityManagerInViewInterceptor [http-nio-8081-exec-5] Opening JPA EntityManager in OpenEntityManagerInViewInterceptor
2025-05-04 15:28:44,786 DEBUG o.s.w.s.r.ResourceHttpRequestHandler [http-nio-8081-exec-5] Resource not found
2025-05-04 15:28:44,789 DEBUG o.s.w.s.m.s.DefaultHandlerExceptionResolver [http-nio-8081-exec-5] Resolved [org.springframework.web.servlet.resource.NoResourceFoundException: No static resource api/v1/users.]
2025-05-04 15:28:44,790 DEBUG o.s.o.j.s.OpenEntityManagerInViewInterceptor [http-nio-8081-exec-5] Closing JPA EntityManager in OpenEntityManagerInViewInterceptor
2025-05-04 15:28:44,790 DEBUG o.s.w.s.FrameworkServlet [http-nio-8081-exec-5] Completed 404 NOT_FOUND
2025-05-04 15:28:44,795 DEBUG o.s.s.w.FilterChainProxy [http-nio-8081-exec-5] Securing GET /error
2025-05-04 15:28:44,796 DEBUG o.s.s.w.a.AnonymousAuthenticationFilter [http-nio-8081-exec-5] Set SecurityContextHolder to anonymous SecurityContext
2025-05-04 15:29:16,729 DEBUG o.s.s.w.FilterChainProxy [http-nio-8081-exec-3] Securing GET /api/v1/users
2025-05-04 15:29:16,733 DEBUG o.s.o.j.SharedEntityManagerCreator$SharedEntityManagerInvocationHandler [http-nio-8081-exec-3] Creating new EntityManager for shared EntityManager invocation
2025-05-04 15:29:16,736 DEBUG o.h.e.j.s.SqlStatementLogger [http-nio-8081-exec-3] select u1_0.id,u1_0.created_by,u1_0.created_date,u1_0.email,u1_0.enabled,u1_0.first_name,u1_0.last_modified_by,u1_0.last_modified_date,u1_0.last_name,u1_0.password,r1_0.user_id,r1_1.id,r1_1.created_by,r1_1.created_date,r1_1.last_modified_by,r1_1.last_modified_date,r1_1.name,u1_0.token_expired,u1_0.username from users u1_0 left join userrole r1_0 on u1_0.id=r1_0.user_id left join role r1_1 on r1_1.id=r1_0.role_id where lower(u1_0.username)=lower(?)
2025-05-04 15:29:16,749 DEBUG o.s.o.j.SharedEntityManagerCreator$SharedEntityManagerInvocationHandler [http-nio-8081-exec-3] Creating new EntityManager for shared EntityManager invocation
2025-05-04 15:29:16,750 DEBUG o.h.e.j.s.SqlStatementLogger [http-nio-8081-exec-3] select r1_0.id,r1_0.created_by,r1_0.created_date,r1_0.last_modified_by,r1_0.last_modified_date,r1_0.name,p1_0.role_id,p1_1.id,p1_1.created_by,p1_1.created_date,p1_1.last_modified_by,p1_1.last_modified_date,p1_1.name from role r1_0 left join roleprivilege p1_0 on r1_0.id=p1_0.role_id left join privilege p1_1 on p1_1.id=p1_0.privilege_id where lower(r1_0.name)=lower(?)
2025-05-04 15:29:16,758 DEBUG o.s.s.w.FilterChainProxy [http-nio-8081-exec-3] Secured GET /api/v1/users
2025-05-04 15:29:16,759 DEBUG o.s.c.l.LogFormatUtils [http-nio-8081-exec-3] GET "/api/v1/users", parameters={}
2025-05-04 15:29:16,759 DEBUG o.s.w.s.h.AbstractHandlerMapping [http-nio-8081-exec-3] Mapped to ResourceHttpRequestHandler [classpath [META-INF/resources/], classpath [resources/], classpath [static/], classpath [public/], ServletContext [/]]
2025-05-04 15:29:16,760 DEBUG o.s.o.j.s.OpenEntityManagerInViewInterceptor [http-nio-8081-exec-3] Opening JPA EntityManager in OpenEntityManagerInViewInterceptor
2025-05-04 15:29:16,769 DEBUG o.s.w.s.r.ResourceHttpRequestHandler [http-nio-8081-exec-3] Resource not found
2025-05-04 15:29:16,769 DEBUG o.s.w.s.m.s.DefaultHandlerExceptionResolver [http-nio-8081-exec-3] Resolved [org.springframework.web.servlet.resource.NoResourceFoundException: No static resource api/v1/users.]
2025-05-04 15:29:16,769 DEBUG o.s.o.j.s.OpenEntityManagerInViewInterceptor [http-nio-8081-exec-3] Closing JPA EntityManager in OpenEntityManagerInViewInterceptor
2025-05-04 15:29:16,770 DEBUG o.s.w.s.FrameworkServlet [http-nio-8081-exec-3] Completed 404 NOT_FOUND
2025-05-04 15:29:16,774 DEBUG o.s.s.w.FilterChainProxy [http-nio-8081-exec-3] Securing GET /error
2025-05-04 15:29:16,774 DEBUG o.s.s.w.a.AnonymousAuthenticationFilter [http-nio-8081-exec-3] Set SecurityContextHolder to anonymous SecurityContext
2025-05-04 15:29:20,094 DEBUG o.s.s.w.FilterChainProxy [http-nio-8081-exec-8] Securing POST /api/v1/auth/login
2025-05-04 15:29:20,094 DEBUG o.s.s.w.a.AnonymousAuthenticationFilter [http-nio-8081-exec-8] Set SecurityContextHolder to anonymous SecurityContext
2025-05-04 15:29:20,095 DEBUG o.s.s.w.FilterChainProxy [http-nio-8081-exec-8] Secured POST /api/v1/auth/login
2025-05-04 15:29:20,095 DEBUG o.s.c.l.LogFormatUtils [http-nio-8081-exec-8] POST "/api/v1/auth/login", parameters={}
2025-05-04 15:29:20,096 DEBUG o.s.w.s.h.AbstractHandlerMapping [http-nio-8081-exec-8] Mapped to dev.tomle.ims.controller.security.JwtController#createToken(JwtRequestDTO)
2025-05-04 15:29:20,097 DEBUG o.s.o.j.s.OpenEntityManagerInViewInterceptor [http-nio-8081-exec-8] Opening JPA EntityManager in OpenEntityManagerInViewInterceptor
2025-05-04 15:29:20,099 DEBUG o.s.c.l.LogFormatUtils [http-nio-8081-exec-8] Read "application/json;charset=UTF-8" to [dev.tomle.ims.model.security.dto.JwtRequestDTO@110da70f]
2025-05-04 15:29:20,105 DEBUG o.h.e.j.s.SqlStatementLogger [http-nio-8081-exec-8] select u1_0.id,u1_0.created_by,u1_0.created_date,u1_0.email,u1_0.enabled,u1_0.first_name,u1_0.last_modified_by,u1_0.last_modified_date,u1_0.last_name,u1_0.password,r1_0.user_id,r1_1.id,r1_1.created_by,r1_1.created_date,r1_1.last_modified_by,r1_1.last_modified_date,r1_1.name,u1_0.token_expired,u1_0.username from users u1_0 left join userrole r1_0 on u1_0.id=r1_0.user_id left join role r1_1 on r1_1.id=r1_0.role_id where lower(u1_0.username)=lower(?)
2025-05-04 15:29:20,119 DEBUG o.h.e.j.s.SqlStatementLogger [http-nio-8081-exec-8] select r1_0.id,r1_0.created_by,r1_0.created_date,r1_0.last_modified_by,r1_0.last_modified_date,r1_0.name,p1_0.role_id,p1_1.id,p1_1.created_by,p1_1.created_date,p1_1.last_modified_by,p1_1.last_modified_date,p1_1.name from role r1_0 left join roleprivilege p1_0 on r1_0.id=p1_0.role_id left join privilege p1_1 on p1_1.id=p1_0.privilege_id where lower(r1_0.name)=lower(?)
2025-05-04 15:29:20,247 DEBUG o.s.s.a.d.AbstractUserDetailsAuthenticationProvider [http-nio-8081-exec-8] Authenticated user
2025-05-04 15:29:20,250 DEBUG o.h.e.j.s.SqlStatementLogger [http-nio-8081-exec-8] select u1_0.id,u1_0.created_by,u1_0.created_date,u1_0.email,u1_0.enabled,u1_0.first_name,u1_0.last_modified_by,u1_0.last_modified_date,u1_0.last_name,u1_0.password,r1_0.user_id,r1_1.id,r1_1.created_by,r1_1.created_date,r1_1.last_modified_by,r1_1.last_modified_date,r1_1.name,u1_0.token_expired,u1_0.username from users u1_0 left join userrole r1_0 on u1_0.id=r1_0.user_id left join role r1_1 on r1_1.id=r1_0.role_id where lower(u1_0.username)=lower(?)
2025-05-04 15:29:20,256 DEBUG o.s.w.s.m.m.a.AbstractMessageConverterMethodProcessor [http-nio-8081-exec-8] Using 'application/json', given [*/*] and supported [application/json, application/*+json, application/yaml]
2025-05-04 15:29:20,256 DEBUG o.s.c.l.LogFormatUtils [http-nio-8081-exec-8] Writing [dev.tomle.ims.model.security.dto.JwtResponseDTO@75460589]
2025-05-04 15:29:20,260 DEBUG o.s.o.j.s.OpenEntityManagerInViewInterceptor [http-nio-8081-exec-8] Closing JPA EntityManager in OpenEntityManagerInViewInterceptor
2025-05-04 15:29:20,260 DEBUG o.s.w.s.FrameworkServlet [http-nio-8081-exec-8] Completed 200 OK
2025-05-04 15:29:27,164 DEBUG o.s.s.w.FilterChainProxy [http-nio-8081-exec-7] Securing GET /api/v1/users
2025-05-04 15:29:27,167 DEBUG o.s.o.j.SharedEntityManagerCreator$SharedEntityManagerInvocationHandler [http-nio-8081-exec-7] Creating new EntityManager for shared EntityManager invocation
2025-05-04 15:29:27,172 DEBUG o.h.e.j.s.SqlStatementLogger [http-nio-8081-exec-7] select u1_0.id,u1_0.created_by,u1_0.created_date,u1_0.email,u1_0.enabled,u1_0.first_name,u1_0.last_modified_by,u1_0.last_modified_date,u1_0.last_name,u1_0.password,r1_0.user_id,r1_1.id,r1_1.created_by,r1_1.created_date,r1_1.last_modified_by,r1_1.last_modified_date,r1_1.name,u1_0.token_expired,u1_0.username from users u1_0 left join userrole r1_0 on u1_0.id=r1_0.user_id left join role r1_1 on r1_1.id=r1_0.role_id where lower(u1_0.username)=lower(?)
2025-05-04 15:29:27,192 DEBUG o.s.o.j.SharedEntityManagerCreator$SharedEntityManagerInvocationHandler [http-nio-8081-exec-7] Creating new EntityManager for shared EntityManager invocation
2025-05-04 15:29:27,194 DEBUG o.h.e.j.s.SqlStatementLogger [http-nio-8081-exec-7] select r1_0.id,r1_0.created_by,r1_0.created_date,r1_0.last_modified_by,r1_0.last_modified_date,r1_0.name,p1_0.role_id,p1_1.id,p1_1.created_by,p1_1.created_date,p1_1.last_modified_by,p1_1.last_modified_date,p1_1.name from role r1_0 left join roleprivilege p1_0 on r1_0.id=p1_0.role_id left join privilege p1_1 on p1_1.id=p1_0.privilege_id where lower(r1_0.name)=lower(?)
2025-05-04 15:29:27,200 DEBUG o.s.s.w.FilterChainProxy [http-nio-8081-exec-7] Secured GET /api/v1/users
2025-05-04 15:29:27,200 DEBUG o.s.c.l.LogFormatUtils [http-nio-8081-exec-7] GET "/api/v1/users", parameters={}
2025-05-04 15:29:27,201 DEBUG o.s.w.s.h.AbstractHandlerMapping [http-nio-8081-exec-7] Mapped to ResourceHttpRequestHandler [classpath [META-INF/resources/], classpath [resources/], classpath [static/], classpath [public/], ServletContext [/]]
2025-05-04 15:29:27,201 DEBUG o.s.o.j.s.OpenEntityManagerInViewInterceptor [http-nio-8081-exec-7] Opening JPA EntityManager in OpenEntityManagerInViewInterceptor
2025-05-04 15:29:27,203 DEBUG o.s.w.s.r.ResourceHttpRequestHandler [http-nio-8081-exec-7] Resource not found
2025-05-04 15:29:27,206 DEBUG o.s.w.s.m.s.DefaultHandlerExceptionResolver [http-nio-8081-exec-7] Resolved [org.springframework.web.servlet.resource.NoResourceFoundException: No static resource api/v1/users.]
2025-05-04 15:29:27,206 DEBUG o.s.o.j.s.OpenEntityManagerInViewInterceptor [http-nio-8081-exec-7] Closing JPA EntityManager in OpenEntityManagerInViewInterceptor
2025-05-04 15:29:27,206 DEBUG o.s.w.s.FrameworkServlet [http-nio-8081-exec-7] Completed 404 NOT_FOUND
2025-05-04 15:29:27,208 DEBUG o.s.s.w.FilterChainProxy [http-nio-8081-exec-7] Securing GET /error
2025-05-04 15:29:27,208 DEBUG o.s.s.w.a.AnonymousAuthenticationFilter [http-nio-8081-exec-7] Set SecurityContextHolder to anonymous SecurityContext
2025-05-04 15:29:52,270 DEBUG o.s.s.w.FilterChainProxy [http-nio-8081-exec-2] Securing GET /api/v1/user
2025-05-04 15:29:52,283 DEBUG o.s.o.j.SharedEntityManagerCreator$SharedEntityManagerInvocationHandler [http-nio-8081-exec-2] Creating new EntityManager for shared EntityManager invocation
2025-05-04 15:29:52,296 DEBUG o.h.e.j.s.SqlStatementLogger [http-nio-8081-exec-2] select u1_0.id,u1_0.created_by,u1_0.created_date,u1_0.email,u1_0.enabled,u1_0.first_name,u1_0.last_modified_by,u1_0.last_modified_date,u1_0.last_name,u1_0.password,r1_0.user_id,r1_1.id,r1_1.created_by,r1_1.created_date,r1_1.last_modified_by,r1_1.last_modified_date,r1_1.name,u1_0.token_expired,u1_0.username from users u1_0 left join userrole r1_0 on u1_0.id=r1_0.user_id left join role r1_1 on r1_1.id=r1_0.role_id where lower(u1_0.username)=lower(?)
2025-05-04 15:29:52,309 DEBUG o.s.o.j.SharedEntityManagerCreator$SharedEntityManagerInvocationHandler [http-nio-8081-exec-2] Creating new EntityManager for shared EntityManager invocation
2025-05-04 15:29:52,310 DEBUG o.h.e.j.s.SqlStatementLogger [http-nio-8081-exec-2] select r1_0.id,r1_0.created_by,r1_0.created_date,r1_0.last_modified_by,r1_0.last_modified_date,r1_0.name,p1_0.role_id,p1_1.id,p1_1.created_by,p1_1.created_date,p1_1.last_modified_by,p1_1.last_modified_date,p1_1.name from role r1_0 left join roleprivilege p1_0 on r1_0.id=p1_0.role_id left join privilege p1_1 on p1_1.id=p1_0.privilege_id where lower(r1_0.name)=lower(?)
2025-05-04 15:29:52,319 DEBUG o.s.s.w.FilterChainProxy [http-nio-8081-exec-2] Secured GET /api/v1/user
2025-05-04 15:29:52,322 DEBUG o.s.c.l.LogFormatUtils [http-nio-8081-exec-2] GET "/api/v1/user", parameters={}
2025-05-04 15:29:52,323 DEBUG o.s.w.s.h.AbstractHandlerMapping [http-nio-8081-exec-2] Mapped to dev.tomle.ims.controller.security.UserController#getUsers(Integer, Integer, String, Boolean, String, String)
2025-05-04 15:29:52,324 DEBUG o.s.o.j.s.OpenEntityManagerInViewInterceptor [http-nio-8081-exec-2] Opening JPA EntityManager in OpenEntityManagerInViewInterceptor
2025-05-04 15:29:52,338 DEBUG d.t.i.u.LogUtil [http-nio-8081-exec-2] Entering method dev.tomle.ims.service.security.facade.UserServiceFacadeImpl.getUsers(pageNum, pageSize, sortBy, desc) args ([Ljava.lang.Object;@552c9015, [Ljava.lang.Object;@552c9015, [Ljava.lang.Object;@552c9015, [Ljava.lang.Object;@552c9015)
2025-05-04 15:29:52,342 DEBUG o.s.s.a.m.AuthorizationManagerBeforeMethodInterceptor [http-nio-8081-exec-2] Authorizing method invocation ReflectiveMethodInvocation: public org.springframework.data.domain.Page dev.tomle.ims.service.security.UserServiceImpl.getUsers(int,int,java.lang.String,boolean); target is of class [dev.tomle.ims.service.security.UserServiceImpl]
2025-05-04 15:29:52,367 DEBUG o.s.s.a.m.AuthorizationManagerBeforeMethodInterceptor [http-nio-8081-exec-2] Authorized method invocation ReflectiveMethodInvocation: public org.springframework.data.domain.Page dev.tomle.ims.service.security.UserServiceImpl.getUsers(int,int,java.lang.String,boolean); target is of class [dev.tomle.ims.service.security.UserServiceImpl]
2025-05-04 15:29:52,368 DEBUG d.t.i.u.LogUtil [http-nio-8081-exec-2] Entering method dev.tomle.ims.service.security.UserServiceImpl.getUsers(pageNum, pageSize, sortBy, desc) args ([Ljava.lang.Object;@6b135dfb, [Ljava.lang.Object;@6b135dfb, [Ljava.lang.Object;@6b135dfb, [Ljava.lang.Object;@6b135dfb)
2025-05-04 15:29:52,388 DEBUG o.s.o.j.JpaTransactionManager [http-nio-8081-exec-2] Found thread-bound EntityManager [SessionImpl(1288416661<open>)] for JPA transaction
2025-05-04 15:29:52,390 DEBUG o.s.t.s.AbstractPlatformTransactionManager [http-nio-8081-exec-2] Creating new transaction with name [org.springframework.data.jpa.repository.support.SimpleJpaRepository.findAll]: PROPAGATION_REQUIRED,ISOLATION_DEFAULT,readOnly
2025-05-04 15:29:52,391 DEBUG o.s.j.d.DataSourceUtils [http-nio-8081-exec-2] Setting JDBC Connection [HikariProxyConnection@920743893 wrapping org.postgresql.jdbc.PgConnection@77ced24] read-only
2025-05-04 15:29:52,393 DEBUG o.s.o.j.JpaTransactionManager [http-nio-8081-exec-2] Exposing JPA transaction as JDBC [org.springframework.orm.jpa.vendor.HibernateJpaDialect$HibernateConnectionHandle@76f184b5]
2025-05-04 15:29:52,439 DEBUG o.h.e.j.s.SqlStatementLogger [http-nio-8081-exec-2] select u1_0.id,u1_0.created_by,u1_0.created_date,u1_0.email,u1_0.enabled,u1_0.first_name,u1_0.last_modified_by,u1_0.last_modified_date,u1_0.last_name,u1_0.password,r1_0.user_id,r1_1.id,r1_1.created_by,r1_1.created_date,r1_1.last_modified_by,r1_1.last_modified_date,r1_1.name,u1_0.token_expired,u1_0.username from users u1_0 left join userrole r1_0 on u1_0.id=r1_0.user_id left join role r1_1 on r1_1.id=r1_0.role_id order by u1_0.id
2025-05-04 15:29:52,462 DEBUG o.s.t.s.AbstractPlatformTransactionManager [http-nio-8081-exec-2] Initiating transaction commit
2025-05-04 15:29:52,463 DEBUG o.s.o.j.JpaTransactionManager [http-nio-8081-exec-2] Committing JPA transaction on EntityManager [SessionImpl(1288416661<open>)]
2025-05-04 15:29:52,465 DEBUG o.s.j.d.DataSourceUtils [http-nio-8081-exec-2] Resetting read-only flag of JDBC Connection [HikariProxyConnection@920743893 wrapping org.postgresql.jdbc.PgConnection@77ced24]
2025-05-04 15:29:52,466 DEBUG o.s.o.j.JpaTransactionManager [http-nio-8081-exec-2] Not closing pre-bound JPA EntityManager after transaction
2025-05-04 15:29:52,468 DEBUG d.t.i.u.LogUtil [http-nio-8081-exec-2] Exiting method dev.tomle.ims.service.security.UserServiceImpl.getUsers(pageNum, pageSize, sortBy, desc) return Page 1 of 1 containing dev.tomle.ims.model.security.User instances
2025-05-04 15:29:52,470 DEBUG d.t.i.u.LogUtil [http-nio-8081-exec-2] Exiting method dev.tomle.ims.service.security.facade.UserServiceFacadeImpl.getUsers(pageNum, pageSize, sortBy, desc) return Page 1 of 1 containing dev.tomle.ims.model.security.dto.UserDTO instances
2025-05-04 15:29:52,475 DEBUG o.s.w.s.m.m.a.AbstractMessageConverterMethodProcessor [http-nio-8081-exec-2] Using 'application/json', given [*/*] and supported [application/json, application/*+json, application/yaml]
2025-05-04 15:29:52,477 DEBUG o.s.c.l.LogFormatUtils [http-nio-8081-exec-2] Writing [Page 1 of 1 containing dev.tomle.ims.model.security.dto.UserDTO instances]
2025-05-04 15:29:52,489 DEBUG o.s.o.j.s.OpenEntityManagerInViewInterceptor [http-nio-8081-exec-2] Closing JPA EntityManager in OpenEntityManagerInViewInterceptor
2025-05-04 15:29:52,490 DEBUG o.s.w.s.FrameworkServlet [http-nio-8081-exec-2] Completed 200 OK
2025-05-04 19:47:58,667 DEBUG o.s.s.w.FilterChainProxy [http-nio-8081-exec-4] Securing GET /api/v1/user
2025-05-04 19:47:58,700 DEBUG o.s.o.j.SharedEntityManagerCreator$SharedEntityManagerInvocationHandler [http-nio-8081-exec-4] Creating new EntityManager for shared EntityManager invocation
2025-05-04 19:47:58,722 DEBUG o.h.e.j.s.SqlStatementLogger [http-nio-8081-exec-4] select u1_0.id,u1_0.created_by,u1_0.created_date,u1_0.email,u1_0.enabled,u1_0.first_name,u1_0.last_modified_by,u1_0.last_modified_date,u1_0.last_name,u1_0.password,r1_0.user_id,r1_1.id,r1_1.created_by,r1_1.created_date,r1_1.last_modified_by,r1_1.last_modified_date,r1_1.name,u1_0.token_expired,u1_0.username from users u1_0 left join userrole r1_0 on u1_0.id=r1_0.user_id left join role r1_1 on r1_1.id=r1_0.role_id where lower(u1_0.username)=lower(?)
2025-05-04 19:47:58,749 DEBUG o.s.o.j.SharedEntityManagerCreator$SharedEntityManagerInvocationHandler [http-nio-8081-exec-4] Creating new EntityManager for shared EntityManager invocation
2025-05-04 19:47:58,755 DEBUG o.h.e.j.s.SqlStatementLogger [http-nio-8081-exec-4] select r1_0.id,r1_0.created_by,r1_0.created_date,r1_0.last_modified_by,r1_0.last_modified_date,r1_0.name,p1_0.role_id,p1_1.id,p1_1.created_by,p1_1.created_date,p1_1.last_modified_by,p1_1.last_modified_date,p1_1.name from role r1_0 left join roleprivilege p1_0 on r1_0.id=p1_0.role_id left join privilege p1_1 on p1_1.id=p1_0.privilege_id where lower(r1_0.name)=lower(?)
2025-05-04 19:47:58,768 DEBUG o.s.s.w.FilterChainProxy [http-nio-8081-exec-4] Secured GET /api/v1/user
2025-05-04 19:47:58,772 DEBUG o.s.c.l.LogFormatUtils [http-nio-8081-exec-4] GET "/api/v1/user", parameters={}
2025-05-04 19:47:58,781 DEBUG o.s.w.s.h.AbstractHandlerMapping [http-nio-8081-exec-4] Mapped to dev.tomle.ims.controller.security.UserController#getUsers(Integer, Integer, String, Boolean, String, String)
2025-05-04 19:47:58,782 DEBUG o.s.o.j.s.OpenEntityManagerInViewInterceptor [http-nio-8081-exec-4] Opening JPA EntityManager in OpenEntityManagerInViewInterceptor
2025-05-04 19:47:58,785 DEBUG d.t.i.u.LogUtil [http-nio-8081-exec-4] Entering method dev.tomle.ims.service.security.facade.UserServiceFacadeImpl.getUsers(pageNum, pageSize, sortBy, desc) args ([Ljava.lang.Object;@743a8cb9, [Ljava.lang.Object;@743a8cb9, [Ljava.lang.Object;@743a8cb9, [Ljava.lang.Object;@743a8cb9)
2025-05-04 19:47:58,788 DEBUG o.s.s.a.m.AuthorizationManagerBeforeMethodInterceptor [http-nio-8081-exec-4] Authorizing method invocation ReflectiveMethodInvocation: public org.springframework.data.domain.Page dev.tomle.ims.service.security.UserServiceImpl.getUsers(int,int,java.lang.String,boolean); target is of class [dev.tomle.ims.service.security.UserServiceImpl]
2025-05-04 19:47:58,799 DEBUG o.s.s.a.m.AuthorizationManagerBeforeMethodInterceptor [http-nio-8081-exec-4] Authorized method invocation ReflectiveMethodInvocation: public org.springframework.data.domain.Page dev.tomle.ims.service.security.UserServiceImpl.getUsers(int,int,java.lang.String,boolean); target is of class [dev.tomle.ims.service.security.UserServiceImpl]
2025-05-04 19:47:58,800 DEBUG d.t.i.u.LogUtil [http-nio-8081-exec-4] Entering method dev.tomle.ims.service.security.UserServiceImpl.getUsers(pageNum, pageSize, sortBy, desc) args ([Ljava.lang.Object;@80e4e, [Ljava.lang.Object;@80e4e, [Ljava.lang.Object;@80e4e, [Ljava.lang.Object;@80e4e)
2025-05-04 19:47:58,802 DEBUG o.s.o.j.JpaTransactionManager [http-nio-8081-exec-4] Found thread-bound EntityManager [SessionImpl(1295466700<open>)] for JPA transaction
2025-05-04 19:47:58,804 DEBUG o.s.t.s.AbstractPlatformTransactionManager [http-nio-8081-exec-4] Creating new transaction with name [org.springframework.data.jpa.repository.support.SimpleJpaRepository.findAll]: PROPAGATION_REQUIRED,ISOLATION_DEFAULT,readOnly
2025-05-04 19:47:58,804 DEBUG o.s.j.d.DataSourceUtils [http-nio-8081-exec-4] Setting JDBC Connection [HikariProxyConnection@497173583 wrapping org.postgresql.jdbc.PgConnection@3d5d5c06] read-only
2025-05-04 19:47:58,823 DEBUG o.s.o.j.JpaTransactionManager [http-nio-8081-exec-4] Exposing JPA transaction as JDBC [org.springframework.orm.jpa.vendor.HibernateJpaDialect$HibernateConnectionHandle@52eecea]
2025-05-04 19:47:58,874 DEBUG o.h.e.j.s.SqlStatementLogger [http-nio-8081-exec-4] select u1_0.id,u1_0.created_by,u1_0.created_date,u1_0.email,u1_0.enabled,u1_0.first_name,u1_0.last_modified_by,u1_0.last_modified_date,u1_0.last_name,u1_0.password,r1_0.user_id,r1_1.id,r1_1.created_by,r1_1.created_date,r1_1.last_modified_by,r1_1.last_modified_date,r1_1.name,u1_0.token_expired,u1_0.username from users u1_0 left join userrole r1_0 on u1_0.id=r1_0.user_id left join role r1_1 on r1_1.id=r1_0.role_id order by u1_0.id
2025-05-04 19:47:58,883 DEBUG o.s.t.s.AbstractPlatformTransactionManager [http-nio-8081-exec-4] Initiating transaction commit
2025-05-04 19:47:58,884 DEBUG o.s.o.j.JpaTransactionManager [http-nio-8081-exec-4] Committing JPA transaction on EntityManager [SessionImpl(1295466700<open>)]
2025-05-04 19:47:58,887 DEBUG o.s.j.d.DataSourceUtils [http-nio-8081-exec-4] Resetting read-only flag of JDBC Connection [HikariProxyConnection@497173583 wrapping org.postgresql.jdbc.PgConnection@3d5d5c06]
2025-05-04 19:47:58,888 DEBUG o.s.o.j.JpaTransactionManager [http-nio-8081-exec-4] Not closing pre-bound JPA EntityManager after transaction
2025-05-04 19:47:58,890 DEBUG d.t.i.u.LogUtil [http-nio-8081-exec-4] Exiting method dev.tomle.ims.service.security.UserServiceImpl.getUsers(pageNum, pageSize, sortBy, desc) return Page 1 of 1 containing dev.tomle.ims.model.security.User instances
2025-05-04 19:47:58,893 DEBUG d.t.i.u.LogUtil [http-nio-8081-exec-4] Exiting method dev.tomle.ims.service.security.facade.UserServiceFacadeImpl.getUsers(pageNum, pageSize, sortBy, desc) return Page 1 of 1 containing dev.tomle.ims.model.security.dto.UserDTO instances
2025-05-04 19:47:58,897 DEBUG o.s.w.s.m.m.a.AbstractMessageConverterMethodProcessor [http-nio-8081-exec-4] Using 'application/json', given [*/*] and supported [application/json, application/*+json, application/yaml]
2025-05-04 19:47:58,899 DEBUG o.s.c.l.LogFormatUtils [http-nio-8081-exec-4] Writing [Page 1 of 1 containing dev.tomle.ims.model.security.dto.UserDTO instances]
2025-05-04 19:47:58,912 DEBUG o.s.o.j.s.OpenEntityManagerInViewInterceptor [http-nio-8081-exec-4] Closing JPA EntityManager in OpenEntityManagerInViewInterceptor
2025-05-04 19:47:58,916 DEBUG o.s.w.s.FrameworkServlet [http-nio-8081-exec-4] Completed 200 OK
